08:51:12 INFO  : Launching XSCT server: xsct.bat -n  -interactive D:\project\fpga\StepMotor_Buzz_FND_vitis\temp_xsdb_launch_script.tcl
08:51:13 INFO  : Registering command handlers for Vitis TCF services
08:51:17 INFO  : Platform repository initialization has completed.
08:51:18 INFO  : XSCT server has started successfully.
08:51:18 INFO  : plnx-install-location is set to ''
08:51:18 INFO  : Successfully done setting XSCT server connection channel  
08:51:18 INFO  : Successfully done setting workspace for the tool. 
08:51:18 INFO  : Successfully done query RDI_DATADIR 
08:51:43 INFO  : Result from executing command 'getProjects': Design_StepMotor_Buzz_FND_wrapper
08:51:43 INFO  : Result from executing command 'getPlatforms': 
08:51:43 INFO  : Platform 'Design_StepMotor_Buzz_FND_wrapper' is added to custom repositories.
08:51:46 INFO  : Platform 'Design_StepMotor_Buzz_FND_wrapper' is added to custom repositories.
08:52:08 INFO  : Result from executing command 'getProjects': Design_StepMotor_Buzz_FND_wrapper
08:52:08 INFO  : Result from executing command 'getPlatforms': Design_StepMotor_Buzz_FND_wrapper|D:/project/fpga/StepMotor_Buzz_FND_vitis/Design_StepMotor_Buzz_FND_wrapper/export/Design_StepMotor_Buzz_FND_wrapper/Design_StepMotor_Buzz_FND_wrapper.xpfm
08:52:08 INFO  : Checking for BSP changes to sync application flags for project 'StepMotor_Buzz_FND'...
08:54:01 INFO  : Checking for BSP changes to sync application flags for project 'StepMotor_Buzz_FND'...
08:54:14 INFO  : Connected to target on host '127.0.0.1' and port '3121'.
08:54:14 INFO  : Jtag cable 'Digilent Basys3 210183B31B5BA' is selected.
08:54:14 INFO  : 'jtag frequency' command is executed.
08:54:15 INFO  : 'targets -set -filter {jtag_cable_name =~ "Digilent Basys3 210183B31B5BA" && level==0 && jtag_device_ctx=="jsn-Basys3-210183B31B5BA-0362d093-0"}' command is executed.
08:54:16 INFO  : FPGA configured successfully with bitstream "D:/project/fpga/StepMotor_Buzz_FND_vitis/StepMotor_Buzz_FND/_ide/bitstream/Design_StepMotor_Buzz_FND_wrapper.bit"
08:54:16 INFO  : Context for processor 'microblaze_0' is selected.
08:54:16 INFO  : Hardware design and registers information is loaded from 'D:/project/fpga/StepMotor_Buzz_FND_vitis/Design_StepMotor_Buzz_FND_wrapper/export/Design_StepMotor_Buzz_FND_wrapper/hw/Design_StepMotor_Buzz_FND_wrapper.xsa'.
08:54:16 INFO  : 'configparams mdm-detect-bscan-mask 2' command is executed.
08:54:16 INFO  : Context for processor 'microblaze_0' is selected.
08:54:16 INFO  : System reset is completed.
08:54:19 INFO  : 'after 3000' command is executed.
08:54:19 INFO  : Context for processor 'microblaze_0' is selected.
08:54:20 INFO  : The application 'D:/project/fpga/StepMotor_Buzz_FND_vitis/StepMotor_Buzz_FND/Debug/StepMotor_Buzz_FND.elf' is downloaded to processor 'microblaze_0'.
08:54:20 INFO  : ----------------XSDB Script----------------
connect -url tcp:127.0.0.1:3121
targets -set -filter {jtag_cable_name =~ "Digilent Basys3 210183B31B5BA" && level==0 && jtag_device_ctx=="jsn-Basys3-210183B31B5BA-0362d093-0"}
fpga -file D:/project/fpga/StepMotor_Buzz_FND_vitis/StepMotor_Buzz_FND/_ide/bitstream/Design_StepMotor_Buzz_FND_wrapper.bit
targets -set -nocase -filter {name =~ "*microblaze*#0" && bscan=="USER2" }
loadhw -hw D:/project/fpga/StepMotor_Buzz_FND_vitis/Design_StepMotor_Buzz_FND_wrapper/export/Design_StepMotor_Buzz_FND_wrapper/hw/Design_StepMotor_Buzz_FND_wrapper.xsa -regs
configparams mdm-detect-bscan-mask 2
targets -set -nocase -filter {name =~ "*microblaze*#0" && bscan=="USER2" }
rst -system
after 3000
targets -set -nocase -filter {name =~ "*microblaze*#0" && bscan=="USER2" }
dow D:/project/fpga/StepMotor_Buzz_FND_vitis/StepMotor_Buzz_FND/Debug/StepMotor_Buzz_FND.elf
----------------End of Script----------------

08:54:20 INFO  : Context for processor 'microblaze_0' is selected.
08:54:20 INFO  : 'con' command is executed.
08:54:20 INFO  : ----------------XSDB Script (After Launch)----------------
targets -set -nocase -filter {name =~ "*microblaze*#0" && bscan=="USER2" }
con
----------------End of Script----------------

08:54:20 INFO  : Launch script is exported to file 'D:\project\fpga\StepMotor_Buzz_FND_vitis\.sdk\launch_scripts\single_application_debug\systemdebugger_stepmotor_buzz_fnd_system_standalone.tcl'
09:00:15 INFO  : Checking for BSP changes to sync application flags for project 'StepMotor_Buzz_FND'...
09:00:40 INFO  : Checking for BSP changes to sync application flags for project 'StepMotor_Buzz_FND'...
09:00:51 INFO  : Disconnected from the channel tcfchan#2.
09:00:51 INFO  : Connected to target on host '127.0.0.1' and port '3121'.
09:01:09 INFO  : ----------------XSDB Script----------------
connect -url tcp:127.0.0.1:3121
----------------End of Script----------------

09:01:09 ERROR : Could not find FPGA device on the board for connection 'Local'.


Troubleshooting hints:
1. Check whether board is connected to system properly.
2. In case of zynq board, check whether Digilent/Xilinx cable switch settings are correct.
3. If you are using Xilinx Platform Cable USB, ensure that status LED is green.
09:01:15 INFO  : Checking for BSP changes to sync application flags for project 'StepMotor_Buzz_FND'...
09:01:20 INFO  : Connected to target on host '127.0.0.1' and port '3121'.
09:01:21 INFO  : Jtag cable 'Digilent Basys3 210183B31B5BA' is selected.
09:01:21 INFO  : 'jtag frequency' command is executed.
09:01:21 INFO  : 'targets -set -filter {jtag_cable_name =~ "Digilent Basys3 210183B31B5BA" && level==0 && jtag_device_ctx=="jsn-Basys3-210183B31B5BA-0362d093-0"}' command is executed.
09:01:22 INFO  : FPGA configured successfully with bitstream "D:/project/fpga/StepMotor_Buzz_FND_vitis/StepMotor_Buzz_FND/_ide/bitstream/Design_StepMotor_Buzz_FND_wrapper.bit"
09:01:22 INFO  : Context for processor 'microblaze_0' is selected.
09:01:22 INFO  : Hardware design and registers information is loaded from 'D:/project/fpga/StepMotor_Buzz_FND_vitis/Design_StepMotor_Buzz_FND_wrapper/export/Design_StepMotor_Buzz_FND_wrapper/hw/Design_StepMotor_Buzz_FND_wrapper.xsa'.
09:01:22 INFO  : 'configparams mdm-detect-bscan-mask 2' command is executed.
09:01:22 INFO  : Context for processor 'microblaze_0' is selected.
09:01:22 INFO  : System reset is completed.
09:01:25 INFO  : 'after 3000' command is executed.
09:01:26 INFO  : Context for processor 'microblaze_0' is selected.
09:01:26 INFO  : The application 'D:/project/fpga/StepMotor_Buzz_FND_vitis/StepMotor_Buzz_FND/Debug/StepMotor_Buzz_FND.elf' is downloaded to processor 'microblaze_0'.
09:01:26 INFO  : ----------------XSDB Script----------------
connect -url tcp:127.0.0.1:3121
targets -set -filter {jtag_cable_name =~ "Digilent Basys3 210183B31B5BA" && level==0 && jtag_device_ctx=="jsn-Basys3-210183B31B5BA-0362d093-0"}
fpga -file D:/project/fpga/StepMotor_Buzz_FND_vitis/StepMotor_Buzz_FND/_ide/bitstream/Design_StepMotor_Buzz_FND_wrapper.bit
targets -set -nocase -filter {name =~ "*microblaze*#0" && bscan=="USER2" }
loadhw -hw D:/project/fpga/StepMotor_Buzz_FND_vitis/Design_StepMotor_Buzz_FND_wrapper/export/Design_StepMotor_Buzz_FND_wrapper/hw/Design_StepMotor_Buzz_FND_wrapper.xsa -regs
configparams mdm-detect-bscan-mask 2
targets -set -nocase -filter {name =~ "*microblaze*#0" && bscan=="USER2" }
rst -system
after 3000
targets -set -nocase -filter {name =~ "*microblaze*#0" && bscan=="USER2" }
dow D:/project/fpga/StepMotor_Buzz_FND_vitis/StepMotor_Buzz_FND/Debug/StepMotor_Buzz_FND.elf
----------------End of Script----------------

09:01:26 INFO  : Context for processor 'microblaze_0' is selected.
09:01:26 INFO  : 'con' command is executed.
09:01:26 INFO  : ----------------XSDB Script (After Launch)----------------
targets -set -nocase -filter {name =~ "*microblaze*#0" && bscan=="USER2" }
con
----------------End of Script----------------

09:01:26 INFO  : Launch script is exported to file 'D:\project\fpga\StepMotor_Buzz_FND_vitis\.sdk\launch_scripts\single_application_debug\systemdebugger_stepmotor_buzz_fnd_system_standalone.tcl'
10:12:09 INFO  : Checking for BSP changes to sync application flags for project 'StepMotor_Buzz_FND'...
10:12:16 INFO  : Disconnected from the channel tcfchan#3.
10:12:16 INFO  : Connected to target on host '127.0.0.1' and port '3121'.
10:12:16 INFO  : Jtag cable 'Digilent Basys3 210183B31B5BA' is selected.
10:12:16 INFO  : 'jtag frequency' command is executed.
10:12:16 INFO  : 'targets -set -filter {jtag_cable_name =~ "Digilent Basys3 210183B31B5BA" && level==0 && jtag_device_ctx=="jsn-Basys3-210183B31B5BA-0362d093-0"}' command is executed.
10:12:17 INFO  : FPGA configured successfully with bitstream "D:/project/fpga/StepMotor_Buzz_FND_vitis/StepMotor_Buzz_FND/_ide/bitstream/Design_StepMotor_Buzz_FND_wrapper.bit"
10:12:17 INFO  : Context for processor 'microblaze_0' is selected.
10:12:17 INFO  : Hardware design and registers information is loaded from 'D:/project/fpga/StepMotor_Buzz_FND_vitis/Design_StepMotor_Buzz_FND_wrapper/export/Design_StepMotor_Buzz_FND_wrapper/hw/Design_StepMotor_Buzz_FND_wrapper.xsa'.
10:12:17 INFO  : 'configparams mdm-detect-bscan-mask 2' command is executed.
10:12:17 INFO  : Context for processor 'microblaze_0' is selected.
10:12:17 INFO  : System reset is completed.
10:12:20 INFO  : 'after 3000' command is executed.
10:12:20 INFO  : Context for processor 'microblaze_0' is selected.
10:12:21 INFO  : The application 'D:/project/fpga/StepMotor_Buzz_FND_vitis/StepMotor_Buzz_FND/Debug/StepMotor_Buzz_FND.elf' is downloaded to processor 'microblaze_0'.
10:12:21 INFO  : ----------------XSDB Script----------------
connect -url tcp:127.0.0.1:3121
targets -set -filter {jtag_cable_name =~ "Digilent Basys3 210183B31B5BA" && level==0 && jtag_device_ctx=="jsn-Basys3-210183B31B5BA-0362d093-0"}
fpga -file D:/project/fpga/StepMotor_Buzz_FND_vitis/StepMotor_Buzz_FND/_ide/bitstream/Design_StepMotor_Buzz_FND_wrapper.bit
targets -set -nocase -filter {name =~ "*microblaze*#0" && bscan=="USER2" }
loadhw -hw D:/project/fpga/StepMotor_Buzz_FND_vitis/Design_StepMotor_Buzz_FND_wrapper/export/Design_StepMotor_Buzz_FND_wrapper/hw/Design_StepMotor_Buzz_FND_wrapper.xsa -regs
configparams mdm-detect-bscan-mask 2
targets -set -nocase -filter {name =~ "*microblaze*#0" && bscan=="USER2" }
rst -system
after 3000
targets -set -nocase -filter {name =~ "*microblaze*#0" && bscan=="USER2" }
dow D:/project/fpga/StepMotor_Buzz_FND_vitis/StepMotor_Buzz_FND/Debug/StepMotor_Buzz_FND.elf
----------------End of Script----------------

10:12:21 INFO  : Context for processor 'microblaze_0' is selected.
10:12:21 INFO  : 'con' command is executed.
10:12:21 INFO  : ----------------XSDB Script (After Launch)----------------
targets -set -nocase -filter {name =~ "*microblaze*#0" && bscan=="USER2" }
con
----------------End of Script----------------

10:12:21 INFO  : Launch script is exported to file 'D:\project\fpga\StepMotor_Buzz_FND_vitis\.sdk\launch_scripts\single_application_debug\systemdebugger_stepmotor_buzz_fnd_system_standalone.tcl'
10:12:44 INFO  : Checking for BSP changes to sync application flags for project 'StepMotor_Buzz_FND'...
10:12:49 INFO  : Disconnected from the channel tcfchan#4.
10:12:49 INFO  : Connected to target on host '127.0.0.1' and port '3121'.
10:12:49 INFO  : Jtag cable 'Digilent Basys3 210183B31B5BA' is selected.
10:12:49 INFO  : 'jtag frequency' command is executed.
10:12:49 INFO  : 'targets -set -filter {jtag_cable_name =~ "Digilent Basys3 210183B31B5BA" && level==0 && jtag_device_ctx=="jsn-Basys3-210183B31B5BA-0362d093-0"}' command is executed.
10:12:50 INFO  : FPGA configured successfully with bitstream "D:/project/fpga/StepMotor_Buzz_FND_vitis/StepMotor_Buzz_FND/_ide/bitstream/Design_StepMotor_Buzz_FND_wrapper.bit"
10:12:50 INFO  : Context for processor 'microblaze_0' is selected.
10:12:50 INFO  : Hardware design and registers information is loaded from 'D:/project/fpga/StepMotor_Buzz_FND_vitis/Design_StepMotor_Buzz_FND_wrapper/export/Design_StepMotor_Buzz_FND_wrapper/hw/Design_StepMotor_Buzz_FND_wrapper.xsa'.
10:12:50 INFO  : 'configparams mdm-detect-bscan-mask 2' command is executed.
10:12:50 INFO  : Context for processor 'microblaze_0' is selected.
10:12:50 INFO  : System reset is completed.
10:12:53 INFO  : 'after 3000' command is executed.
10:12:53 INFO  : Context for processor 'microblaze_0' is selected.
10:12:54 INFO  : The application 'D:/project/fpga/StepMotor_Buzz_FND_vitis/StepMotor_Buzz_FND/Debug/StepMotor_Buzz_FND.elf' is downloaded to processor 'microblaze_0'.
10:12:54 INFO  : ----------------XSDB Script----------------
connect -url tcp:127.0.0.1:3121
targets -set -filter {jtag_cable_name =~ "Digilent Basys3 210183B31B5BA" && level==0 && jtag_device_ctx=="jsn-Basys3-210183B31B5BA-0362d093-0"}
fpga -file D:/project/fpga/StepMotor_Buzz_FND_vitis/StepMotor_Buzz_FND/_ide/bitstream/Design_StepMotor_Buzz_FND_wrapper.bit
targets -set -nocase -filter {name =~ "*microblaze*#0" && bscan=="USER2" }
loadhw -hw D:/project/fpga/StepMotor_Buzz_FND_vitis/Design_StepMotor_Buzz_FND_wrapper/export/Design_StepMotor_Buzz_FND_wrapper/hw/Design_StepMotor_Buzz_FND_wrapper.xsa -regs
configparams mdm-detect-bscan-mask 2
targets -set -nocase -filter {name =~ "*microblaze*#0" && bscan=="USER2" }
rst -system
after 3000
targets -set -nocase -filter {name =~ "*microblaze*#0" && bscan=="USER2" }
dow D:/project/fpga/StepMotor_Buzz_FND_vitis/StepMotor_Buzz_FND/Debug/StepMotor_Buzz_FND.elf
----------------End of Script----------------

10:12:54 INFO  : Context for processor 'microblaze_0' is selected.
10:12:54 INFO  : 'con' command is executed.
10:12:54 INFO  : ----------------XSDB Script (After Launch)----------------
targets -set -nocase -filter {name =~ "*microblaze*#0" && bscan=="USER2" }
con
----------------End of Script----------------

10:12:54 INFO  : Launch script is exported to file 'D:\project\fpga\StepMotor_Buzz_FND_vitis\.sdk\launch_scripts\single_application_debug\systemdebugger_stepmotor_buzz_fnd_system_standalone.tcl'
10:15:00 INFO  : Checking for BSP changes to sync application flags for project 'StepMotor_Buzz_FND'...
10:15:06 INFO  : Disconnected from the channel tcfchan#5.
10:15:06 INFO  : Connected to target on host '127.0.0.1' and port '3121'.
10:15:06 INFO  : Jtag cable 'Digilent Basys3 210183B31B5BA' is selected.
10:15:06 INFO  : 'jtag frequency' command is executed.
10:15:06 INFO  : 'targets -set -filter {jtag_cable_name =~ "Digilent Basys3 210183B31B5BA" && level==0 && jtag_device_ctx=="jsn-Basys3-210183B31B5BA-0362d093-0"}' command is executed.
10:15:07 INFO  : FPGA configured successfully with bitstream "D:/project/fpga/StepMotor_Buzz_FND_vitis/StepMotor_Buzz_FND/_ide/bitstream/Design_StepMotor_Buzz_FND_wrapper.bit"
10:15:07 INFO  : Context for processor 'microblaze_0' is selected.
10:15:07 INFO  : Hardware design and registers information is loaded from 'D:/project/fpga/StepMotor_Buzz_FND_vitis/Design_StepMotor_Buzz_FND_wrapper/export/Design_StepMotor_Buzz_FND_wrapper/hw/Design_StepMotor_Buzz_FND_wrapper.xsa'.
10:15:07 INFO  : 'configparams mdm-detect-bscan-mask 2' command is executed.
10:15:07 INFO  : Context for processor 'microblaze_0' is selected.
10:15:07 INFO  : System reset is completed.
10:15:10 INFO  : 'after 3000' command is executed.
10:15:10 INFO  : Context for processor 'microblaze_0' is selected.
10:15:10 INFO  : The application 'D:/project/fpga/StepMotor_Buzz_FND_vitis/StepMotor_Buzz_FND/Debug/StepMotor_Buzz_FND.elf' is downloaded to processor 'microblaze_0'.
10:15:10 INFO  : ----------------XSDB Script----------------
connect -url tcp:127.0.0.1:3121
targets -set -filter {jtag_cable_name =~ "Digilent Basys3 210183B31B5BA" && level==0 && jtag_device_ctx=="jsn-Basys3-210183B31B5BA-0362d093-0"}
fpga -file D:/project/fpga/StepMotor_Buzz_FND_vitis/StepMotor_Buzz_FND/_ide/bitstream/Design_StepMotor_Buzz_FND_wrapper.bit
targets -set -nocase -filter {name =~ "*microblaze*#0" && bscan=="USER2" }
loadhw -hw D:/project/fpga/StepMotor_Buzz_FND_vitis/Design_StepMotor_Buzz_FND_wrapper/export/Design_StepMotor_Buzz_FND_wrapper/hw/Design_StepMotor_Buzz_FND_wrapper.xsa -regs
configparams mdm-detect-bscan-mask 2
targets -set -nocase -filter {name =~ "*microblaze*#0" && bscan=="USER2" }
rst -system
after 3000
targets -set -nocase -filter {name =~ "*microblaze*#0" && bscan=="USER2" }
dow D:/project/fpga/StepMotor_Buzz_FND_vitis/StepMotor_Buzz_FND/Debug/StepMotor_Buzz_FND.elf
----------------End of Script----------------

10:15:11 INFO  : Context for processor 'microblaze_0' is selected.
10:15:11 INFO  : 'con' command is executed.
10:15:11 INFO  : ----------------XSDB Script (After Launch)----------------
targets -set -nocase -filter {name =~ "*microblaze*#0" && bscan=="USER2" }
con
----------------End of Script----------------

10:15:11 INFO  : Launch script is exported to file 'D:\project\fpga\StepMotor_Buzz_FND_vitis\.sdk\launch_scripts\single_application_debug\systemdebugger_stepmotor_buzz_fnd_system_standalone.tcl'
10:19:23 INFO  : Checking for BSP changes to sync application flags for project 'StepMotor_Buzz_FND'...
10:19:38 INFO  : Checking for BSP changes to sync application flags for project 'StepMotor_Buzz_FND'...
10:19:42 INFO  : Disconnected from the channel tcfchan#6.
10:19:42 INFO  : Connected to target on host '127.0.0.1' and port '3121'.
10:19:43 INFO  : Jtag cable 'Digilent Basys3 210183B31B5BA' is selected.
10:19:43 INFO  : 'jtag frequency' command is executed.
10:19:43 INFO  : 'targets -set -filter {jtag_cable_name =~ "Digilent Basys3 210183B31B5BA" && level==0 && jtag_device_ctx=="jsn-Basys3-210183B31B5BA-0362d093-0"}' command is executed.
10:19:44 INFO  : FPGA configured successfully with bitstream "D:/project/fpga/StepMotor_Buzz_FND_vitis/StepMotor_Buzz_FND/_ide/bitstream/Design_StepMotor_Buzz_FND_wrapper.bit"
10:19:44 INFO  : Context for processor 'microblaze_0' is selected.
10:19:44 INFO  : Hardware design and registers information is loaded from 'D:/project/fpga/StepMotor_Buzz_FND_vitis/Design_StepMotor_Buzz_FND_wrapper/export/Design_StepMotor_Buzz_FND_wrapper/hw/Design_StepMotor_Buzz_FND_wrapper.xsa'.
10:19:44 INFO  : 'configparams mdm-detect-bscan-mask 2' command is executed.
10:19:44 INFO  : Context for processor 'microblaze_0' is selected.
10:19:44 INFO  : System reset is completed.
10:19:47 INFO  : 'after 3000' command is executed.
10:19:47 INFO  : Context for processor 'microblaze_0' is selected.
10:19:47 INFO  : The application 'D:/project/fpga/StepMotor_Buzz_FND_vitis/StepMotor_Buzz_FND/Debug/StepMotor_Buzz_FND.elf' is downloaded to processor 'microblaze_0'.
10:19:47 INFO  : ----------------XSDB Script----------------
connect -url tcp:127.0.0.1:3121
targets -set -filter {jtag_cable_name =~ "Digilent Basys3 210183B31B5BA" && level==0 && jtag_device_ctx=="jsn-Basys3-210183B31B5BA-0362d093-0"}
fpga -file D:/project/fpga/StepMotor_Buzz_FND_vitis/StepMotor_Buzz_FND/_ide/bitstream/Design_StepMotor_Buzz_FND_wrapper.bit
targets -set -nocase -filter {name =~ "*microblaze*#0" && bscan=="USER2" }
loadhw -hw D:/project/fpga/StepMotor_Buzz_FND_vitis/Design_StepMotor_Buzz_FND_wrapper/export/Design_StepMotor_Buzz_FND_wrapper/hw/Design_StepMotor_Buzz_FND_wrapper.xsa -regs
configparams mdm-detect-bscan-mask 2
targets -set -nocase -filter {name =~ "*microblaze*#0" && bscan=="USER2" }
rst -system
after 3000
targets -set -nocase -filter {name =~ "*microblaze*#0" && bscan=="USER2" }
dow D:/project/fpga/StepMotor_Buzz_FND_vitis/StepMotor_Buzz_FND/Debug/StepMotor_Buzz_FND.elf
----------------End of Script----------------

10:19:48 INFO  : Context for processor 'microblaze_0' is selected.
10:19:48 INFO  : 'con' command is executed.
10:19:48 INFO  : ----------------XSDB Script (After Launch)----------------
targets -set -nocase -filter {name =~ "*microblaze*#0" && bscan=="USER2" }
con
----------------End of Script----------------

10:19:48 INFO  : Launch script is exported to file 'D:\project\fpga\StepMotor_Buzz_FND_vitis\.sdk\launch_scripts\single_application_debug\systemdebugger_stepmotor_buzz_fnd_system_standalone.tcl'
10:26:20 INFO  : Checking for BSP changes to sync application flags for project 'StepMotor_Buzz_FND'...
10:26:26 INFO  : Disconnected from the channel tcfchan#7.
10:26:26 INFO  : Connected to target on host '127.0.0.1' and port '3121'.
10:26:26 INFO  : Jtag cable 'Digilent Basys3 210183B31B5BA' is selected.
10:26:26 INFO  : 'jtag frequency' command is executed.
10:26:26 INFO  : 'targets -set -filter {jtag_cable_name =~ "Digilent Basys3 210183B31B5BA" && level==0 && jtag_device_ctx=="jsn-Basys3-210183B31B5BA-0362d093-0"}' command is executed.
10:26:27 INFO  : FPGA configured successfully with bitstream "D:/project/fpga/StepMotor_Buzz_FND_vitis/StepMotor_Buzz_FND/_ide/bitstream/Design_StepMotor_Buzz_FND_wrapper.bit"
10:26:28 INFO  : Context for processor 'microblaze_0' is selected.
10:26:28 INFO  : Hardware design and registers information is loaded from 'D:/project/fpga/StepMotor_Buzz_FND_vitis/Design_StepMotor_Buzz_FND_wrapper/export/Design_StepMotor_Buzz_FND_wrapper/hw/Design_StepMotor_Buzz_FND_wrapper.xsa'.
10:26:28 INFO  : 'configparams mdm-detect-bscan-mask 2' command is executed.
10:26:28 INFO  : Context for processor 'microblaze_0' is selected.
10:26:28 INFO  : System reset is completed.
10:26:31 INFO  : 'after 3000' command is executed.
10:26:31 INFO  : Context for processor 'microblaze_0' is selected.
10:26:31 INFO  : The application 'D:/project/fpga/StepMotor_Buzz_FND_vitis/StepMotor_Buzz_FND/Debug/StepMotor_Buzz_FND.elf' is downloaded to processor 'microblaze_0'.
10:26:31 INFO  : ----------------XSDB Script----------------
connect -url tcp:127.0.0.1:3121
targets -set -filter {jtag_cable_name =~ "Digilent Basys3 210183B31B5BA" && level==0 && jtag_device_ctx=="jsn-Basys3-210183B31B5BA-0362d093-0"}
fpga -file D:/project/fpga/StepMotor_Buzz_FND_vitis/StepMotor_Buzz_FND/_ide/bitstream/Design_StepMotor_Buzz_FND_wrapper.bit
targets -set -nocase -filter {name =~ "*microblaze*#0" && bscan=="USER2" }
loadhw -hw D:/project/fpga/StepMotor_Buzz_FND_vitis/Design_StepMotor_Buzz_FND_wrapper/export/Design_StepMotor_Buzz_FND_wrapper/hw/Design_StepMotor_Buzz_FND_wrapper.xsa -regs
configparams mdm-detect-bscan-mask 2
targets -set -nocase -filter {name =~ "*microblaze*#0" && bscan=="USER2" }
rst -system
after 3000
targets -set -nocase -filter {name =~ "*microblaze*#0" && bscan=="USER2" }
dow D:/project/fpga/StepMotor_Buzz_FND_vitis/StepMotor_Buzz_FND/Debug/StepMotor_Buzz_FND.elf
----------------End of Script----------------

10:26:31 INFO  : Context for processor 'microblaze_0' is selected.
10:26:31 INFO  : 'con' command is executed.
10:26:31 INFO  : ----------------XSDB Script (After Launch)----------------
targets -set -nocase -filter {name =~ "*microblaze*#0" && bscan=="USER2" }
con
----------------End of Script----------------

10:26:31 INFO  : Launch script is exported to file 'D:\project\fpga\StepMotor_Buzz_FND_vitis\.sdk\launch_scripts\single_application_debug\systemdebugger_stepmotor_buzz_fnd_system_standalone.tcl'
20:58:02 INFO  : Disconnected from the channel tcfchan#8.
